[2024-11-11T11:27:15.447+0800] {manager.py:483} INFO - Processing files using up to 1 processes at a time 
[2024-11-11T11:27:15.447+0800] {manager.py:484} INFO - Process each file at most once every 30 seconds
[2024-11-11T11:27:15.447+0800] {manager.py:485} INFO - Checking for new files in /Users/superdayuanjingzhi/Documents/JDE-python/p_AnalyticsPlatform/etl/airflow/dags every 300 seconds
[2024-11-11T11:27:15.447+0800] {manager.py:821} INFO - Searching for files in /Users/superdayuanjingzhi/Documents/JDE-python/p_AnalyticsPlatform/etl/airflow/dags
[2024-11-11T11:27:15.453+0800] {manager.py:824} INFO - There are 5 files in /Users/superdayuanjingzhi/Documents/JDE-python/p_AnalyticsPlatform/etl/airflow/dags
[2024-11-11T11:27:16.886+0800] {manager.py:997} INFO - 
================================================================================
DAG File Processing Stats

File Path                                                                                                           PID    Runtime      # DAGs    # Errors  Last Runtime    Last Run               Last # of DB Queries
------------------------------------------------------------------------------------------------------------------  -----  ---------  --------  ----------  --------------  -------------------  ----------------------
/Users/superdayuanjingzhi/Documents/JDE-python/p_AnalyticsPlatform/etl/airflow/dags/realtime_data_etl_pipeline.py                            1           0  1.38s           2024-11-11T03:27:16                      12
/Users/superdayuanjingzhi/Documents/JDE-python/p_AnalyticsPlatform/etl/airflow/dags/dashboard_pipeline.py                                    0           0                                                            0
/Users/superdayuanjingzhi/Documents/JDE-python/p_AnalyticsPlatform/etl/airflow/dags/analytics_data_etl_pipeline.py                           0           0                                                            0
/Users/superdayuanjingzhi/Documents/JDE-python/p_AnalyticsPlatform/etl/airflow/dags/etl_pipeline copy.py                                     0           0                                                            0
/Users/superdayuanjingzhi/Documents/JDE-python/p_AnalyticsPlatform/etl/airflow/dags/ml_modeling_pipeline.py                                  0           0                                                            0
================================================================================
[2024-11-11T11:27:22.198+0800] {manager.py:465} INFO - Exiting gracefully upon receiving signal 15
[2024-11-11T11:27:44.154+0800] {manager.py:483} INFO - Processing files using up to 1 processes at a time 
[2024-11-11T11:27:44.154+0800] {manager.py:484} INFO - Process each file at most once every 30 seconds
[2024-11-11T11:27:44.154+0800] {manager.py:485} INFO - Checking for new files in /Users/superdayuanjingzhi/Documents/JDE-python/p_AnalyticsPlatform/etl/airflow/dags every 300 seconds
[2024-11-11T11:27:44.155+0800] {manager.py:821} INFO - Searching for files in /Users/superdayuanjingzhi/Documents/JDE-python/p_AnalyticsPlatform/etl/airflow/dags
[2024-11-11T11:27:44.159+0800] {manager.py:824} INFO - There are 5 files in /Users/superdayuanjingzhi/Documents/JDE-python/p_AnalyticsPlatform/etl/airflow/dags
[2024-11-11T11:27:45.493+0800] {manager.py:997} INFO - 
================================================================================
DAG File Processing Stats

File Path                                                                                                           PID    Runtime      # DAGs    # Errors  Last Runtime    Last Run               Last # of DB Queries
------------------------------------------------------------------------------------------------------------------  -----  ---------  --------  ----------  --------------  -------------------  ----------------------
/Users/superdayuanjingzhi/Documents/JDE-python/p_AnalyticsPlatform/etl/airflow/dags/realtime_data_etl_pipeline.py                            1           0  1.29s           2024-11-11T03:27:45                      12
/Users/superdayuanjingzhi/Documents/JDE-python/p_AnalyticsPlatform/etl/airflow/dags/dashboard_pipeline.py                                    0           0                                                            0
/Users/superdayuanjingzhi/Documents/JDE-python/p_AnalyticsPlatform/etl/airflow/dags/analytics_data_etl_pipeline.py                           0           0                                                            0
/Users/superdayuanjingzhi/Documents/JDE-python/p_AnalyticsPlatform/etl/airflow/dags/etl_pipeline copy.py                                     0           0                                                            0
/Users/superdayuanjingzhi/Documents/JDE-python/p_AnalyticsPlatform/etl/airflow/dags/ml_modeling_pipeline.py                                  0           0                                                            0
================================================================================
[2024-11-11T11:28:15.544+0800] {manager.py:465} INFO - Exiting gracefully upon receiving signal 15
[2024-11-11T11:29:30.863+0800] {manager.py:483} INFO - Processing files using up to 1 processes at a time 
[2024-11-11T11:29:30.864+0800] {manager.py:484} INFO - Process each file at most once every 30 seconds
[2024-11-11T11:29:30.864+0800] {manager.py:485} INFO - Checking for new files in /Users/superdayuanjingzhi/Documents/JDE-python/p_AnalyticsPlatform/etl/airflow/dags every 300 seconds
[2024-11-11T11:29:30.864+0800] {manager.py:821} INFO - Searching for files in /Users/superdayuanjingzhi/Documents/JDE-python/p_AnalyticsPlatform/etl/airflow/dags
[2024-11-11T11:29:30.869+0800] {manager.py:824} INFO - There are 5 files in /Users/superdayuanjingzhi/Documents/JDE-python/p_AnalyticsPlatform/etl/airflow/dags
[2024-11-11T11:29:32.377+0800] {manager.py:997} INFO - 
================================================================================
DAG File Processing Stats

File Path                                                                                                           PID    Runtime      # DAGs    # Errors  Last Runtime    Last Run               Last # of DB Queries
------------------------------------------------------------------------------------------------------------------  -----  ---------  --------  ----------  --------------  -------------------  ----------------------
/Users/superdayuanjingzhi/Documents/JDE-python/p_AnalyticsPlatform/etl/airflow/dags/analytics_data_etl_pipeline.py                           1           0  1.46s           2024-11-11T03:29:32                      34
/Users/superdayuanjingzhi/Documents/JDE-python/p_AnalyticsPlatform/etl/airflow/dags/dashboard_pipeline.py                                    0           0                                                            0
/Users/superdayuanjingzhi/Documents/JDE-python/p_AnalyticsPlatform/etl/airflow/dags/realtime_data_etl_pipeline.py                            0           0                                                            0
/Users/superdayuanjingzhi/Documents/JDE-python/p_AnalyticsPlatform/etl/airflow/dags/etl_pipeline copy.py                                     0           0                                                            0
/Users/superdayuanjingzhi/Documents/JDE-python/p_AnalyticsPlatform/etl/airflow/dags/ml_modeling_pipeline.py                                  0           0                                                            0
================================================================================
[2024-11-11T11:30:12.247+0800] {manager.py:997} INFO - 
================================================================================
DAG File Processing Stats

File Path                                                                                                           PID    Runtime      # DAGs    # Errors  Last Runtime    Last Run               Last # of DB Queries
------------------------------------------------------------------------------------------------------------------  -----  ---------  --------  ----------  --------------  -------------------  ----------------------
/Users/superdayuanjingzhi/Documents/JDE-python/p_AnalyticsPlatform/etl/airflow/dags/ml_modeling_pipeline.py                                  1           0  2.39s           2024-11-11T03:30:01                      34
/Users/superdayuanjingzhi/Documents/JDE-python/p_AnalyticsPlatform/etl/airflow/dags/analytics_data_etl_pipeline.py                           1           0  1.46s           2024-11-11T03:29:32                      34
/Users/superdayuanjingzhi/Documents/JDE-python/p_AnalyticsPlatform/etl/airflow/dags/realtime_data_etl_pipeline.py                            1           0  1.15s           2024-11-11T03:29:45                      12
/Users/superdayuanjingzhi/Documents/JDE-python/p_AnalyticsPlatform/etl/airflow/dags/dashboard_pipeline.py                                    1           0  1.10s           2024-11-11T03:30:12                      12
/Users/superdayuanjingzhi/Documents/JDE-python/p_AnalyticsPlatform/etl/airflow/dags/etl_pipeline copy.py                                     0           0                                                            0
================================================================================
[2024-11-11T11:30:43.900+0800] {manager.py:997} INFO - 
================================================================================
DAG File Processing Stats

File Path                                                                                                           PID    Runtime      # DAGs    # Errors  Last Runtime    Last Run               Last # of DB Queries
------------------------------------------------------------------------------------------------------------------  -----  ---------  --------  ----------  --------------  -------------------  ----------------------
/Users/superdayuanjingzhi/Documents/JDE-python/p_AnalyticsPlatform/etl/airflow/dags/ml_modeling_pipeline.py                                  1           0  2.53s           2024-11-11T03:30:38                      12
/Users/superdayuanjingzhi/Documents/JDE-python/p_AnalyticsPlatform/etl/airflow/dags/etl_pipeline copy.py                                     0           0  1.04s           2024-11-11T03:30:21                       3
/Users/superdayuanjingzhi/Documents/JDE-python/p_AnalyticsPlatform/etl/airflow/dags/dashboard_pipeline.py                                    1           0  1.03s           2024-11-11T03:30:43                      12
/Users/superdayuanjingzhi/Documents/JDE-python/p_AnalyticsPlatform/etl/airflow/dags/realtime_data_etl_pipeline.py                            1           0  1.03s           2024-11-11T03:30:31                      12
/Users/superdayuanjingzhi/Documents/JDE-python/p_AnalyticsPlatform/etl/airflow/dags/analytics_data_etl_pipeline.py                           1           0  1.03s           2024-11-11T03:30:25                      12
================================================================================
[2024-11-11T11:31:14.430+0800] {manager.py:997} INFO - 
================================================================================
DAG File Processing Stats

File Path                                                                                                           PID    Runtime      # DAGs    # Errors  Last Runtime    Last Run               Last # of DB Queries
------------------------------------------------------------------------------------------------------------------  -----  ---------  --------  ----------  --------------  -------------------  ----------------------
/Users/superdayuanjingzhi/Documents/JDE-python/p_AnalyticsPlatform/etl/airflow/dags/ml_modeling_pipeline.py                                  1           0  2.45s           2024-11-11T03:31:14                      12
/Users/superdayuanjingzhi/Documents/JDE-python/p_AnalyticsPlatform/etl/airflow/dags/realtime_data_etl_pipeline.py                            1           0  1.14s           2024-11-11T03:31:02                      12
/Users/superdayuanjingzhi/Documents/JDE-python/p_AnalyticsPlatform/etl/airflow/dags/analytics_data_etl_pipeline.py                           1           0  1.10s           2024-11-11T03:30:56                      12
/Users/superdayuanjingzhi/Documents/JDE-python/p_AnalyticsPlatform/etl/airflow/dags/etl_pipeline copy.py                                     0           0  1.04s           2024-11-11T03:30:52                       3
/Users/superdayuanjingzhi/Documents/JDE-python/p_AnalyticsPlatform/etl/airflow/dags/dashboard_pipeline.py                                    1           0  1.03s           2024-11-11T03:30:43                      12
================================================================================
[2024-11-11T11:31:48.280+0800] {manager.py:997} INFO - 
================================================================================
DAG File Processing Stats

File Path                                                                                                           PID    Runtime      # DAGs    # Errors  Last Runtime    Last Run               Last # of DB Queries
------------------------------------------------------------------------------------------------------------------  -----  ---------  --------  ----------  --------------  -------------------  ----------------------
/Users/superdayuanjingzhi/Documents/JDE-python/p_AnalyticsPlatform/etl/airflow/dags/ml_modeling_pipeline.py                                  1           0  2.38s           2024-11-11T03:31:48                      12
/Users/superdayuanjingzhi/Documents/JDE-python/p_AnalyticsPlatform/etl/airflow/dags/realtime_data_etl_pipeline.py                            1           0  1.10s           2024-11-11T03:31:35                      12
/Users/superdayuanjingzhi/Documents/JDE-python/p_AnalyticsPlatform/etl/airflow/dags/dashboard_pipeline.py                                    1           0  1.08s           2024-11-11T03:31:16                      12
/Users/superdayuanjingzhi/Documents/JDE-python/p_AnalyticsPlatform/etl/airflow/dags/analytics_data_etl_pipeline.py                           1           0  0.99s           2024-11-11T03:31:31                      12
/Users/superdayuanjingzhi/Documents/JDE-python/p_AnalyticsPlatform/etl/airflow/dags/etl_pipeline copy.py                                     0           0  0.97s           2024-11-11T03:31:25                       3
================================================================================
[2024-11-11T11:32:21.100+0800] {manager.py:997} INFO - 
================================================================================
DAG File Processing Stats

File Path                                                                                                           PID    Runtime      # DAGs    # Errors  Last Runtime    Last Run               Last # of DB Queries
------------------------------------------------------------------------------------------------------------------  -----  ---------  --------  ----------  --------------  -------------------  ----------------------
/Users/superdayuanjingzhi/Documents/JDE-python/p_AnalyticsPlatform/etl/airflow/dags/ml_modeling_pipeline.py                                  1           0  2.38s           2024-11-11T03:32:21                      12
/Users/superdayuanjingzhi/Documents/JDE-python/p_AnalyticsPlatform/etl/airflow/dags/analytics_data_etl_pipeline.py                           1           0  1.19s           2024-11-11T03:32:02                      12
/Users/superdayuanjingzhi/Documents/JDE-python/p_AnalyticsPlatform/etl/airflow/dags/realtime_data_etl_pipeline.py                            1           0  1.15s           2024-11-11T03:32:08                      12
/Users/superdayuanjingzhi/Documents/JDE-python/p_AnalyticsPlatform/etl/airflow/dags/dashboard_pipeline.py                                    1           0  1.06s           2024-11-11T03:31:50                      12
/Users/superdayuanjingzhi/Documents/JDE-python/p_AnalyticsPlatform/etl/airflow/dags/etl_pipeline copy.py                                     0           0  1.04s           2024-11-11T03:31:56                       3
================================================================================
[2024-11-11T11:32:37.551+0800] {manager.py:465} INFO - Exiting gracefully upon receiving signal 15
[2024-11-11T11:41:18.209+0800] {manager.py:483} INFO - Processing files using up to 1 processes at a time 
[2024-11-11T11:41:18.210+0800] {manager.py:484} INFO - Process each file at most once every 30 seconds
[2024-11-11T11:41:18.210+0800] {manager.py:485} INFO - Checking for new files in /Users/superdayuanjingzhi/Documents/JDE-python/p_AnalyticsPlatform/etl/airflow/dags every 300 seconds
[2024-11-11T11:41:18.210+0800] {manager.py:821} INFO - Searching for files in /Users/superdayuanjingzhi/Documents/JDE-python/p_AnalyticsPlatform/etl/airflow/dags
[2024-11-11T11:41:18.216+0800] {manager.py:824} INFO - There are 5 files in /Users/superdayuanjingzhi/Documents/JDE-python/p_AnalyticsPlatform/etl/airflow/dags
[2024-11-11T11:41:19.688+0800] {manager.py:997} INFO - 
================================================================================
DAG File Processing Stats

File Path                                                                                                           PID    Runtime      # DAGs    # Errors  Last Runtime    Last Run               Last # of DB Queries
------------------------------------------------------------------------------------------------------------------  -----  ---------  --------  ----------  --------------  -------------------  ----------------------
/Users/superdayuanjingzhi/Documents/JDE-python/p_AnalyticsPlatform/etl/airflow/dags/analytics_data_etl_pipeline.py                           1           0  1.42s           2024-11-11T03:41:19                      12
/Users/superdayuanjingzhi/Documents/JDE-python/p_AnalyticsPlatform/etl/airflow/dags/dashboard_pipeline.py                                    0           0                                                            0
/Users/superdayuanjingzhi/Documents/JDE-python/p_AnalyticsPlatform/etl/airflow/dags/realtime_data_etl_pipeline.py                            0           0                                                            0
/Users/superdayuanjingzhi/Documents/JDE-python/p_AnalyticsPlatform/etl/airflow/dags/etl_pipeline copy.py                                     0           0                                                            0
/Users/superdayuanjingzhi/Documents/JDE-python/p_AnalyticsPlatform/etl/airflow/dags/ml_modeling_pipeline.py                                  0           0                                                            0
================================================================================
[2024-11-11T11:41:33.100+0800] {manager.py:465} INFO - Exiting gracefully upon receiving signal 15
[2024-11-11T13:36:54.580+0800] {manager.py:483} INFO - Processing files using up to 1 processes at a time 
[2024-11-11T13:36:54.580+0800] {manager.py:484} INFO - Process each file at most once every 30 seconds
[2024-11-11T13:36:54.581+0800] {manager.py:485} INFO - Checking for new files in /Users/superdayuanjingzhi/Documents/JDE-python/p_AnalyticsPlatform/etl/airflow/dags every 300 seconds
[2024-11-11T13:36:54.581+0800] {manager.py:821} INFO - Searching for files in /Users/superdayuanjingzhi/Documents/JDE-python/p_AnalyticsPlatform/etl/airflow/dags
[2024-11-11T13:36:54.586+0800] {manager.py:824} INFO - There are 5 files in /Users/superdayuanjingzhi/Documents/JDE-python/p_AnalyticsPlatform/etl/airflow/dags
[2024-11-11T13:36:55.903+0800] {manager.py:997} INFO - 
================================================================================
DAG File Processing Stats

File Path                                                                                                           PID    Runtime      # DAGs    # Errors  Last Runtime    Last Run               Last # of DB Queries
------------------------------------------------------------------------------------------------------------------  -----  ---------  --------  ----------  --------------  -------------------  ----------------------
/Users/superdayuanjingzhi/Documents/JDE-python/p_AnalyticsPlatform/etl/airflow/dags/analytics_data_etl_pipeline.py                           1           0  1.27s           2024-11-11T05:36:55                      12
/Users/superdayuanjingzhi/Documents/JDE-python/p_AnalyticsPlatform/etl/airflow/dags/dashboard_pipeline.py                                    0           0                                                            0
/Users/superdayuanjingzhi/Documents/JDE-python/p_AnalyticsPlatform/etl/airflow/dags/realtime_data_etl_pipeline.py                            0           0                                                            0
/Users/superdayuanjingzhi/Documents/JDE-python/p_AnalyticsPlatform/etl/airflow/dags/etl_pipeline copy.py                                     0           0                                                            0
/Users/superdayuanjingzhi/Documents/JDE-python/p_AnalyticsPlatform/etl/airflow/dags/ml_modeling_pipeline.py                                  0           0                                                            0
================================================================================
[2024-11-11T13:37:30.090+0800] {manager.py:997} INFO - 
================================================================================
DAG File Processing Stats

File Path                                                                                                           PID    Runtime      # DAGs    # Errors  Last Runtime    Last Run               Last # of DB Queries
------------------------------------------------------------------------------------------------------------------  -----  ---------  --------  ----------  --------------  -------------------  ----------------------
/Users/superdayuanjingzhi/Documents/JDE-python/p_AnalyticsPlatform/etl/airflow/dags/ml_modeling_pipeline.py                                  1           0  2.02s           2024-11-11T05:37:30                      12
/Users/superdayuanjingzhi/Documents/JDE-python/p_AnalyticsPlatform/etl/airflow/dags/analytics_data_etl_pipeline.py                           1           0  1.27s           2024-11-11T05:36:55                      12
/Users/superdayuanjingzhi/Documents/JDE-python/p_AnalyticsPlatform/etl/airflow/dags/realtime_data_etl_pipeline.py                            1           0  1.00s           2024-11-11T05:37:12                      12
/Users/superdayuanjingzhi/Documents/JDE-python/p_AnalyticsPlatform/etl/airflow/dags/dashboard_pipeline.py                                    0           0                                                            0
/Users/superdayuanjingzhi/Documents/JDE-python/p_AnalyticsPlatform/etl/airflow/dags/etl_pipeline copy.py                                     0           0                                                            0
================================================================================
[2024-11-11T13:38:04.617+0800] {manager.py:997} INFO - 
================================================================================
DAG File Processing Stats

File Path                                                                                                           PID    Runtime      # DAGs    # Errors  Last Runtime    Last Run               Last # of DB Queries
------------------------------------------------------------------------------------------------------------------  -----  ---------  --------  ----------  --------------  -------------------  ----------------------
/Users/superdayuanjingzhi/Documents/JDE-python/p_AnalyticsPlatform/etl/airflow/dags/ml_modeling_pipeline.py                                  1           0  2.02s           2024-11-11T05:37:30                      12
/Users/superdayuanjingzhi/Documents/JDE-python/p_AnalyticsPlatform/etl/airflow/dags/analytics_data_etl_pipeline.py                           1           0  1.07s           2024-11-11T05:38:04                      12
/Users/superdayuanjingzhi/Documents/JDE-python/p_AnalyticsPlatform/etl/airflow/dags/etl_pipeline copy.py                                     0           0  1.00s           2024-11-11T05:37:56                       3
/Users/superdayuanjingzhi/Documents/JDE-python/p_AnalyticsPlatform/etl/airflow/dags/realtime_data_etl_pipeline.py                            1           0  1.00s           2024-11-11T05:37:12                      12
/Users/superdayuanjingzhi/Documents/JDE-python/p_AnalyticsPlatform/etl/airflow/dags/dashboard_pipeline.py                                    1           0  0.99s           2024-11-11T05:37:46                      12
================================================================================
[2024-11-11T13:38:35.999+0800] {manager.py:997} INFO - 
================================================================================
DAG File Processing Stats

File Path                                                                                                           PID    Runtime      # DAGs    # Errors  Last Runtime    Last Run               Last # of DB Queries
------------------------------------------------------------------------------------------------------------------  -----  ---------  --------  ----------  --------------  -------------------  ----------------------
/Users/superdayuanjingzhi/Documents/JDE-python/p_AnalyticsPlatform/etl/airflow/dags/ml_modeling_pipeline.py                                  1           0  2.18s           2024-11-11T05:38:22                      12
/Users/superdayuanjingzhi/Documents/JDE-python/p_AnalyticsPlatform/etl/airflow/dags/analytics_data_etl_pipeline.py                           1           0  1.06s           2024-11-11T05:38:35                      12
/Users/superdayuanjingzhi/Documents/JDE-python/p_AnalyticsPlatform/etl/airflow/dags/realtime_data_etl_pipeline.py                            1           0  1.02s           2024-11-11T05:38:12                      12
/Users/superdayuanjingzhi/Documents/JDE-python/p_AnalyticsPlatform/etl/airflow/dags/etl_pipeline copy.py                                     0           0  1.02s           2024-11-11T05:38:31                       3
/Users/superdayuanjingzhi/Documents/JDE-python/p_AnalyticsPlatform/etl/airflow/dags/dashboard_pipeline.py                                    1           0  1.00s           2024-11-11T05:38:26                      12
================================================================================
[2024-11-11T13:39:10.442+0800] {manager.py:997} INFO - 
================================================================================
DAG File Processing Stats

File Path                                                                                                           PID    Runtime      # DAGs    # Errors  Last Runtime    Last Run               Last # of DB Queries
------------------------------------------------------------------------------------------------------------------  -----  ---------  --------  ----------  --------------  -------------------  ----------------------
/Users/superdayuanjingzhi/Documents/JDE-python/p_AnalyticsPlatform/etl/airflow/dags/ml_modeling_pipeline.py                                  1           0  2.33s           2024-11-11T05:38:55                      12
/Users/superdayuanjingzhi/Documents/JDE-python/p_AnalyticsPlatform/etl/airflow/dags/realtime_data_etl_pipeline.py                            1           0  1.11s           2024-11-11T05:38:44                      12
/Users/superdayuanjingzhi/Documents/JDE-python/p_AnalyticsPlatform/etl/airflow/dags/etl_pipeline copy.py                                     0           0  1.11s           2024-11-11T05:39:02                       3
/Users/superdayuanjingzhi/Documents/JDE-python/p_AnalyticsPlatform/etl/airflow/dags/analytics_data_etl_pipeline.py                           1           0  1.08s           2024-11-11T05:39:10                      12
/Users/superdayuanjingzhi/Documents/JDE-python/p_AnalyticsPlatform/etl/airflow/dags/dashboard_pipeline.py                                    1           0  1.06s           2024-11-11T05:38:58                      12
================================================================================
[2024-11-11T13:39:27.522+0800] {manager.py:465} INFO - Exiting gracefully upon receiving signal 15
[2024-11-11T14:48:03.082+0800] {manager.py:483} INFO - Processing files using up to 1 processes at a time 
[2024-11-11T14:48:03.083+0800] {manager.py:484} INFO - Process each file at most once every 30 seconds
[2024-11-11T14:48:03.083+0800] {manager.py:485} INFO - Checking for new files in /Users/superdayuanjingzhi/Documents/JDE-python/p_AnalyticsPlatform/etl/airflow/dags every 300 seconds
[2024-11-11T14:48:03.083+0800] {manager.py:821} INFO - Searching for files in /Users/superdayuanjingzhi/Documents/JDE-python/p_AnalyticsPlatform/etl/airflow/dags
[2024-11-11T14:48:03.088+0800] {manager.py:824} INFO - There are 5 files in /Users/superdayuanjingzhi/Documents/JDE-python/p_AnalyticsPlatform/etl/airflow/dags
[2024-11-11T14:48:04.455+0800] {manager.py:997} INFO - 
================================================================================
DAG File Processing Stats

File Path                                                                                                           PID    Runtime      # DAGs    # Errors  Last Runtime    Last Run               Last # of DB Queries
------------------------------------------------------------------------------------------------------------------  -----  ---------  --------  ----------  --------------  -------------------  ----------------------
/Users/superdayuanjingzhi/Documents/JDE-python/p_AnalyticsPlatform/etl/airflow/dags/analytics_data_etl_pipeline.py                           1           0  1.32s           2024-11-11T06:48:04                      12
/Users/superdayuanjingzhi/Documents/JDE-python/p_AnalyticsPlatform/etl/airflow/dags/dashboard_pipeline.py                                    0           0                                                            0
/Users/superdayuanjingzhi/Documents/JDE-python/p_AnalyticsPlatform/etl/airflow/dags/realtime_data_etl_pipeline.py                            0           0                                                            0
/Users/superdayuanjingzhi/Documents/JDE-python/p_AnalyticsPlatform/etl/airflow/dags/etl_pipeline copy.py                                     0           0                                                            0
/Users/superdayuanjingzhi/Documents/JDE-python/p_AnalyticsPlatform/etl/airflow/dags/ml_modeling_pipeline.py                                  0           0                                                            0
================================================================================
[2024-11-11T14:48:37.933+0800] {manager.py:997} INFO - 
================================================================================
DAG File Processing Stats

File Path                                                                                                           PID    Runtime      # DAGs    # Errors  Last Runtime    Last Run               Last # of DB Queries
------------------------------------------------------------------------------------------------------------------  -----  ---------  --------  ----------  --------------  -------------------  ----------------------
/Users/superdayuanjingzhi/Documents/JDE-python/p_AnalyticsPlatform/etl/airflow/dags/ml_modeling_pipeline.py                                  1           0  1.93s           2024-11-11T06:48:26                      12
/Users/superdayuanjingzhi/Documents/JDE-python/p_AnalyticsPlatform/etl/airflow/dags/analytics_data_etl_pipeline.py                           1           0  1.32s           2024-11-11T06:48:04                      12
/Users/superdayuanjingzhi/Documents/JDE-python/p_AnalyticsPlatform/etl/airflow/dags/realtime_data_etl_pipeline.py                            1           0  1.02s           2024-11-11T06:48:12                      12
/Users/superdayuanjingzhi/Documents/JDE-python/p_AnalyticsPlatform/etl/airflow/dags/dashboard_pipeline.py                                    1           0  1.02s           2024-11-11T06:48:37                      12
/Users/superdayuanjingzhi/Documents/JDE-python/p_AnalyticsPlatform/etl/airflow/dags/etl_pipeline copy.py                                     0           0                                                            0
================================================================================
[2024-11-11T14:49:09.359+0800] {manager.py:997} INFO - 
================================================================================
DAG File Processing Stats

File Path                                                                                                           PID    Runtime      # DAGs    # Errors  Last Runtime    Last Run               Last # of DB Queries
------------------------------------------------------------------------------------------------------------------  -----  ---------  --------  ----------  --------------  -------------------  ----------------------
/Users/superdayuanjingzhi/Documents/JDE-python/p_AnalyticsPlatform/etl/airflow/dags/ml_modeling_pipeline.py                                  1           0  2.34s           2024-11-11T06:48:59                      12
/Users/superdayuanjingzhi/Documents/JDE-python/p_AnalyticsPlatform/etl/airflow/dags/dashboard_pipeline.py                                    1           0  1.10s           2024-11-11T06:49:09                      12
/Users/superdayuanjingzhi/Documents/JDE-python/p_AnalyticsPlatform/etl/airflow/dags/analytics_data_etl_pipeline.py                           1           0  1.09s           2024-11-11T06:48:45                      12
/Users/superdayuanjingzhi/Documents/JDE-python/p_AnalyticsPlatform/etl/airflow/dags/etl_pipeline copy.py                                     0           0  1.01s           2024-11-11T06:48:43                       3
/Users/superdayuanjingzhi/Documents/JDE-python/p_AnalyticsPlatform/etl/airflow/dags/realtime_data_etl_pipeline.py                            1           0  1.00s           2024-11-11T06:48:48                      12
================================================================================
[2024-11-11T14:49:41.201+0800] {manager.py:997} INFO - 
================================================================================
DAG File Processing Stats

File Path                                                                                                           PID    Runtime      # DAGs    # Errors  Last Runtime    Last Run               Last # of DB Queries
------------------------------------------------------------------------------------------------------------------  -----  ---------  --------  ----------  --------------  -------------------  ----------------------
/Users/superdayuanjingzhi/Documents/JDE-python/p_AnalyticsPlatform/etl/airflow/dags/ml_modeling_pipeline.py                                  1           0  2.27s           2024-11-11T06:49:32                      12
/Users/superdayuanjingzhi/Documents/JDE-python/p_AnalyticsPlatform/etl/airflow/dags/analytics_data_etl_pipeline.py                           1           0  1.43s           2024-11-11T06:49:19                      12
/Users/superdayuanjingzhi/Documents/JDE-python/p_AnalyticsPlatform/etl/airflow/dags/dashboard_pipeline.py                                    1           0  1.05s           2024-11-11T06:49:41                      12
/Users/superdayuanjingzhi/Documents/JDE-python/p_AnalyticsPlatform/etl/airflow/dags/etl_pipeline copy.py                                     0           0  1.01s           2024-11-11T06:49:24                       3
/Users/superdayuanjingzhi/Documents/JDE-python/p_AnalyticsPlatform/etl/airflow/dags/realtime_data_etl_pipeline.py                            1           0  1.00s           2024-11-11T06:49:26                      12
================================================================================
[2024-11-11T14:50:18.018+0800] {manager.py:997} INFO - 
================================================================================
DAG File Processing Stats

File Path                                                                                                           PID    Runtime      # DAGs    # Errors  Last Runtime    Last Run               Last # of DB Queries
------------------------------------------------------------------------------------------------------------------  -----  ---------  --------  ----------  --------------  -------------------  ----------------------
/Users/superdayuanjingzhi/Documents/JDE-python/p_AnalyticsPlatform/etl/airflow/dags/ml_modeling_pipeline.py                                  1           0  1.90s           2024-11-11T06:50:09                      12
/Users/superdayuanjingzhi/Documents/JDE-python/p_AnalyticsPlatform/etl/airflow/dags/realtime_data_etl_pipeline.py                            1           0  1.11s           2024-11-11T06:49:58                      12
/Users/superdayuanjingzhi/Documents/JDE-python/p_AnalyticsPlatform/etl/airflow/dags/analytics_data_etl_pipeline.py                           1           0  1.11s           2024-11-11T06:49:50                      12
/Users/superdayuanjingzhi/Documents/JDE-python/p_AnalyticsPlatform/etl/airflow/dags/etl_pipeline copy.py                                     0           0  1.05s           2024-11-11T06:49:55                       3
/Users/superdayuanjingzhi/Documents/JDE-python/p_AnalyticsPlatform/etl/airflow/dags/dashboard_pipeline.py                                    1           0  0.99s           2024-11-11T06:50:18                      12
================================================================================
[2024-11-11T14:50:49.416+0800] {manager.py:997} INFO - 
================================================================================
DAG File Processing Stats

File Path                                                                                                           PID    Runtime      # DAGs    # Errors  Last Runtime    Last Run               Last # of DB Queries
------------------------------------------------------------------------------------------------------------------  -----  ---------  --------  ----------  --------------  -------------------  ----------------------
/Users/superdayuanjingzhi/Documents/JDE-python/p_AnalyticsPlatform/etl/airflow/dags/ml_modeling_pipeline.py                                  1           0  2.28s           2024-11-11T06:50:43                      12
/Users/superdayuanjingzhi/Documents/JDE-python/p_AnalyticsPlatform/etl/airflow/dags/analytics_data_etl_pipeline.py                           1           0  1.03s           2024-11-11T06:50:22                      12
/Users/superdayuanjingzhi/Documents/JDE-python/p_AnalyticsPlatform/etl/airflow/dags/dashboard_pipeline.py                                    1           0  1.03s           2024-11-11T06:50:49                      12
/Users/superdayuanjingzhi/Documents/JDE-python/p_AnalyticsPlatform/etl/airflow/dags/realtime_data_etl_pipeline.py                            1           0  1.02s           2024-11-11T06:50:29                      12
/Users/superdayuanjingzhi/Documents/JDE-python/p_AnalyticsPlatform/etl/airflow/dags/etl_pipeline copy.py                                     0           0  0.97s           2024-11-11T06:50:27                       3
================================================================================
[2024-11-11T14:51:21.924+0800] {manager.py:997} INFO - 
================================================================================
DAG File Processing Stats

File Path                                                                                                           PID    Runtime      # DAGs    # Errors  Last Runtime    Last Run               Last # of DB Queries
------------------------------------------------------------------------------------------------------------------  -----  ---------  --------  ----------  --------------  -------------------  ----------------------
/Users/superdayuanjingzhi/Documents/JDE-python/p_AnalyticsPlatform/etl/airflow/dags/ml_modeling_pipeline.py                                  1           0  2.00s           2024-11-11T06:51:17                      12
/Users/superdayuanjingzhi/Documents/JDE-python/p_AnalyticsPlatform/etl/airflow/dags/realtime_data_etl_pipeline.py                            1           0  1.04s           2024-11-11T06:51:01                      12
/Users/superdayuanjingzhi/Documents/JDE-python/p_AnalyticsPlatform/etl/airflow/dags/analytics_data_etl_pipeline.py                           1           0  1.03s           2024-11-11T06:50:54                      12
/Users/superdayuanjingzhi/Documents/JDE-python/p_AnalyticsPlatform/etl/airflow/dags/etl_pipeline copy.py                                     0           0  1.01s           2024-11-11T06:50:58                       3
/Users/superdayuanjingzhi/Documents/JDE-python/p_AnalyticsPlatform/etl/airflow/dags/dashboard_pipeline.py                                    1           0  1.00s           2024-11-11T06:51:21                      12
================================================================================
[2024-11-11T14:51:53.475+0800] {manager.py:997} INFO - 
================================================================================
DAG File Processing Stats

File Path                                                                                                           PID    Runtime      # DAGs    # Errors  Last Runtime    Last Run               Last # of DB Queries
------------------------------------------------------------------------------------------------------------------  -----  ---------  --------  ----------  --------------  -------------------  ----------------------
/Users/superdayuanjingzhi/Documents/JDE-python/p_AnalyticsPlatform/etl/airflow/dags/ml_modeling_pipeline.py                                  1           0  2.26s           2024-11-11T06:51:50                      12
/Users/superdayuanjingzhi/Documents/JDE-python/p_AnalyticsPlatform/etl/airflow/dags/dashboard_pipeline.py                                    1           0  1.04s           2024-11-11T06:51:53                      12
/Users/superdayuanjingzhi/Documents/JDE-python/p_AnalyticsPlatform/etl/airflow/dags/realtime_data_etl_pipeline.py                            1           0  1.03s           2024-11-11T06:51:32                      12
/Users/superdayuanjingzhi/Documents/JDE-python/p_AnalyticsPlatform/etl/airflow/dags/analytics_data_etl_pipeline.py                           1           0  1.00s           2024-11-11T06:51:26                      12
/Users/superdayuanjingzhi/Documents/JDE-python/p_AnalyticsPlatform/etl/airflow/dags/etl_pipeline copy.py                                     0           0  1.00s           2024-11-11T06:51:29                       3
================================================================================
[2024-11-11T14:52:02.326+0800] {manager.py:465} INFO - Exiting gracefully upon receiving signal 15
[2024-11-11T14:52:39.270+0800] {manager.py:483} INFO - Processing files using up to 1 processes at a time 
[2024-11-11T14:52:39.270+0800] {manager.py:484} INFO - Process each file at most once every 30 seconds
[2024-11-11T14:52:39.271+0800] {manager.py:485} INFO - Checking for new files in /Users/superdayuanjingzhi/Documents/JDE-python/p_AnalyticsPlatform/etl/airflow/dags every 300 seconds
[2024-11-11T14:52:39.271+0800] {manager.py:821} INFO - Searching for files in /Users/superdayuanjingzhi/Documents/JDE-python/p_AnalyticsPlatform/etl/airflow/dags
[2024-11-11T14:52:39.276+0800] {manager.py:824} INFO - There are 5 files in /Users/superdayuanjingzhi/Documents/JDE-python/p_AnalyticsPlatform/etl/airflow/dags
[2024-11-11T14:52:40.578+0800] {manager.py:997} INFO - 
================================================================================
DAG File Processing Stats

File Path                                                                                                           PID    Runtime      # DAGs    # Errors  Last Runtime    Last Run               Last # of DB Queries
------------------------------------------------------------------------------------------------------------------  -----  ---------  --------  ----------  --------------  -------------------  ----------------------
/Users/superdayuanjingzhi/Documents/JDE-python/p_AnalyticsPlatform/etl/airflow/dags/analytics_data_etl_pipeline.py                           1           0  1.25s           2024-11-11T06:52:40                      12
/Users/superdayuanjingzhi/Documents/JDE-python/p_AnalyticsPlatform/etl/airflow/dags/dashboard_pipeline.py                                    0           0                                                            0
/Users/superdayuanjingzhi/Documents/JDE-python/p_AnalyticsPlatform/etl/airflow/dags/realtime_data_etl_pipeline.py                            0           0                                                            0
/Users/superdayuanjingzhi/Documents/JDE-python/p_AnalyticsPlatform/etl/airflow/dags/etl_pipeline copy.py                                     0           0                                                            0
/Users/superdayuanjingzhi/Documents/JDE-python/p_AnalyticsPlatform/etl/airflow/dags/ml_modeling_pipeline.py                                  0           0                                                            0
================================================================================
[2024-11-11T14:53:14.759+0800] {manager.py:997} INFO - 
================================================================================
DAG File Processing Stats

File Path                                                                                                           PID    Runtime      # DAGs    # Errors  Last Runtime    Last Run               Last # of DB Queries
------------------------------------------------------------------------------------------------------------------  -----  ---------  --------  ----------  --------------  -------------------  ----------------------
/Users/superdayuanjingzhi/Documents/JDE-python/p_AnalyticsPlatform/etl/airflow/dags/ml_modeling_pipeline.py                                  1           0  2.31s           2024-11-11T06:53:00                      12
/Users/superdayuanjingzhi/Documents/JDE-python/p_AnalyticsPlatform/etl/airflow/dags/analytics_data_etl_pipeline.py                           1           0  1.25s           2024-11-11T06:52:40                      12
/Users/superdayuanjingzhi/Documents/JDE-python/p_AnalyticsPlatform/etl/airflow/dags/realtime_data_etl_pipeline.py                            1           0  1.04s           2024-11-11T06:52:48                      12
/Users/superdayuanjingzhi/Documents/JDE-python/p_AnalyticsPlatform/etl/airflow/dags/dashboard_pipeline.py                                    1           0  1.01s           2024-11-11T06:53:07                      12
/Users/superdayuanjingzhi/Documents/JDE-python/p_AnalyticsPlatform/etl/airflow/dags/etl_pipeline copy.py                                     0           0  0.97s           2024-11-11T06:53:14                       3
================================================================================
[2024-11-11T14:53:46.475+0800] {manager.py:997} INFO - 
================================================================================
DAG File Processing Stats

File Path                                                                                                           PID    Runtime      # DAGs    # Errors  Last Runtime    Last Run               Last # of DB Queries
------------------------------------------------------------------------------------------------------------------  -----  ---------  --------  ----------  --------------  -------------------  ----------------------
/Users/superdayuanjingzhi/Documents/JDE-python/p_AnalyticsPlatform/etl/airflow/dags/ml_modeling_pipeline.py                                  1           0  2.07s           2024-11-11T06:53:33                      12
/Users/superdayuanjingzhi/Documents/JDE-python/p_AnalyticsPlatform/etl/airflow/dags/analytics_data_etl_pipeline.py                           1           0  1.02s           2024-11-11T06:53:23                      12
/Users/superdayuanjingzhi/Documents/JDE-python/p_AnalyticsPlatform/etl/airflow/dags/realtime_data_etl_pipeline.py                            1           0  1.00s           2024-11-11T06:53:28                      12
/Users/superdayuanjingzhi/Documents/JDE-python/p_AnalyticsPlatform/etl/airflow/dags/dashboard_pipeline.py                                    1           0  1.00s           2024-11-11T06:53:38                      12
/Users/superdayuanjingzhi/Documents/JDE-python/p_AnalyticsPlatform/etl/airflow/dags/etl_pipeline copy.py                                     0           0  0.98s           2024-11-11T06:53:46                       3
================================================================================
[2024-11-11T14:54:17.784+0800] {manager.py:997} INFO - 
================================================================================
DAG File Processing Stats

File Path                                                                                                           PID    Runtime      # DAGs    # Errors  Last Runtime    Last Run               Last # of DB Queries
------------------------------------------------------------------------------------------------------------------  -----  ---------  --------  ----------  --------------  -------------------  ----------------------
/Users/superdayuanjingzhi/Documents/JDE-python/p_AnalyticsPlatform/etl/airflow/dags/ml_modeling_pipeline.py                                  1           0  1.88s           2024-11-11T06:54:09                      12
/Users/superdayuanjingzhi/Documents/JDE-python/p_AnalyticsPlatform/etl/airflow/dags/realtime_data_etl_pipeline.py                            1           0  1.03s           2024-11-11T06:54:00                      12
/Users/superdayuanjingzhi/Documents/JDE-python/p_AnalyticsPlatform/etl/airflow/dags/analytics_data_etl_pipeline.py                           1           0  1.01s           2024-11-11T06:53:54                      12
/Users/superdayuanjingzhi/Documents/JDE-python/p_AnalyticsPlatform/etl/airflow/dags/dashboard_pipeline.py                                    1           0  0.99s           2024-11-11T06:54:17                      12
/Users/superdayuanjingzhi/Documents/JDE-python/p_AnalyticsPlatform/etl/airflow/dags/etl_pipeline copy.py                                     0           0  0.98s           2024-11-11T06:53:46                       3
================================================================================
[2024-11-11T14:54:49.568+0800] {manager.py:997} INFO - 
================================================================================
DAG File Processing Stats

File Path                                                                                                           PID    Runtime      # DAGs    # Errors  Last Runtime    Last Run               Last # of DB Queries
------------------------------------------------------------------------------------------------------------------  -----  ---------  --------  ----------  --------------  -------------------  ----------------------
/Users/superdayuanjingzhi/Documents/JDE-python/p_AnalyticsPlatform/etl/airflow/dags/ml_modeling_pipeline.py                                  1           0  2.79s           2024-11-11T06:54:43                      12
/Users/superdayuanjingzhi/Documents/JDE-python/p_AnalyticsPlatform/etl/airflow/dags/realtime_data_etl_pipeline.py                            1           0  1.54s           2024-11-11T06:54:33                      12
/Users/superdayuanjingzhi/Documents/JDE-python/p_AnalyticsPlatform/etl/airflow/dags/analytics_data_etl_pipeline.py                           1           0  1.06s           2024-11-11T06:54:27                      12
/Users/superdayuanjingzhi/Documents/JDE-python/p_AnalyticsPlatform/etl/airflow/dags/dashboard_pipeline.py                                    1           0  1.05s           2024-11-11T06:54:49                      12
/Users/superdayuanjingzhi/Documents/JDE-python/p_AnalyticsPlatform/etl/airflow/dags/etl_pipeline copy.py                                     0           0  0.96s           2024-11-11T06:54:22                       3
================================================================================
[2024-11-11T14:55:23.340+0800] {manager.py:997} INFO - 
================================================================================
DAG File Processing Stats

File Path                                                                                                           PID    Runtime      # DAGs    # Errors  Last Runtime    Last Run               Last # of DB Queries
------------------------------------------------------------------------------------------------------------------  -----  ---------  --------  ----------  --------------  -------------------  ----------------------
/Users/superdayuanjingzhi/Documents/JDE-python/p_AnalyticsPlatform/etl/airflow/dags/ml_modeling_pipeline.py                                  1           0  2.16s           2024-11-11T06:55:18                      12
/Users/superdayuanjingzhi/Documents/JDE-python/p_AnalyticsPlatform/etl/airflow/dags/realtime_data_etl_pipeline.py                            1           0  1.02s           2024-11-11T06:55:08                      12
/Users/superdayuanjingzhi/Documents/JDE-python/p_AnalyticsPlatform/etl/airflow/dags/etl_pipeline copy.py                                     0           0  1.02s           2024-11-11T06:54:54                       3
/Users/superdayuanjingzhi/Documents/JDE-python/p_AnalyticsPlatform/etl/airflow/dags/dashboard_pipeline.py                                    1           0  1.02s           2024-11-11T06:55:23                      12
/Users/superdayuanjingzhi/Documents/JDE-python/p_AnalyticsPlatform/etl/airflow/dags/analytics_data_etl_pipeline.py                           1           0  1.01s           2024-11-11T06:54:58                      12
================================================================================
[2024-11-11T14:55:54.677+0800] {manager.py:997} INFO - 
================================================================================
DAG File Processing Stats

File Path                                                                                                           PID    Runtime      # DAGs    # Errors  Last Runtime    Last Run               Last # of DB Queries
------------------------------------------------------------------------------------------------------------------  -----  ---------  --------  ----------  --------------  -------------------  ----------------------
/Users/superdayuanjingzhi/Documents/JDE-python/p_AnalyticsPlatform/etl/airflow/dags/ml_modeling_pipeline.py                                  1           0  2.31s           2024-11-11T06:55:51                      12
/Users/superdayuanjingzhi/Documents/JDE-python/p_AnalyticsPlatform/etl/airflow/dags/realtime_data_etl_pipeline.py                            1           0  1.49s           2024-11-11T06:55:41                      12
/Users/superdayuanjingzhi/Documents/JDE-python/p_AnalyticsPlatform/etl/airflow/dags/dashboard_pipeline.py                                    1           0  1.08s           2024-11-11T06:55:54                      12
/Users/superdayuanjingzhi/Documents/JDE-python/p_AnalyticsPlatform/etl/airflow/dags/analytics_data_etl_pipeline.py                           1           0  1.01s           2024-11-11T06:55:30                      12
/Users/superdayuanjingzhi/Documents/JDE-python/p_AnalyticsPlatform/etl/airflow/dags/etl_pipeline copy.py                                     0           0  1.01s           2024-11-11T06:55:25                       3
================================================================================
[2024-11-11T14:56:26.101+0800] {manager.py:997} INFO - 
================================================================================
DAG File Processing Stats

File Path                                                                                                           PID    Runtime      # DAGs    # Errors  Last Runtime    Last Run               Last # of DB Queries
------------------------------------------------------------------------------------------------------------------  -----  ---------  --------  ----------  --------------  -------------------  ----------------------
/Users/superdayuanjingzhi/Documents/JDE-python/p_AnalyticsPlatform/etl/airflow/dags/ml_modeling_pipeline.py                                  1           0  1.90s           2024-11-11T06:56:23                      12
/Users/superdayuanjingzhi/Documents/JDE-python/p_AnalyticsPlatform/etl/airflow/dags/analytics_data_etl_pipeline.py                           1           0  1.05s           2024-11-11T06:56:01                      12
/Users/superdayuanjingzhi/Documents/JDE-python/p_AnalyticsPlatform/etl/airflow/dags/realtime_data_etl_pipeline.py                            1           0  1.01s           2024-11-11T06:56:15                      12
/Users/superdayuanjingzhi/Documents/JDE-python/p_AnalyticsPlatform/etl/airflow/dags/etl_pipeline copy.py                                     0           0  0.99s           2024-11-11T06:55:56                       3
/Users/superdayuanjingzhi/Documents/JDE-python/p_AnalyticsPlatform/etl/airflow/dags/dashboard_pipeline.py                                    1           0  0.98s           2024-11-11T06:56:26                      12
================================================================================
[2024-11-11T14:56:56.700+0800] {manager.py:997} INFO - 
================================================================================
DAG File Processing Stats

File Path                                                                                                           PID    Runtime      # DAGs    # Errors  Last Runtime    Last Run               Last # of DB Queries
------------------------------------------------------------------------------------------------------------------  -----  ---------  --------  ----------  --------------  -------------------  ----------------------
/Users/superdayuanjingzhi/Documents/JDE-python/p_AnalyticsPlatform/etl/airflow/dags/ml_modeling_pipeline.py                                  1           0  2.29s           2024-11-11T06:56:56                      12
/Users/superdayuanjingzhi/Documents/JDE-python/p_AnalyticsPlatform/etl/airflow/dags/realtime_data_etl_pipeline.py                            1           0  1.02s           2024-11-11T06:56:47                      12
/Users/superdayuanjingzhi/Documents/JDE-python/p_AnalyticsPlatform/etl/airflow/dags/etl_pipeline copy.py                                     0           0  1.01s           2024-11-11T06:56:29                       3
/Users/superdayuanjingzhi/Documents/JDE-python/p_AnalyticsPlatform/etl/airflow/dags/analytics_data_etl_pipeline.py                           1           0  1.01s           2024-11-11T06:56:33                      12
/Users/superdayuanjingzhi/Documents/JDE-python/p_AnalyticsPlatform/etl/airflow/dags/dashboard_pipeline.py                                    1           0  0.98s           2024-11-11T06:56:26                      12
================================================================================
[2024-11-11T14:57:29.164+0800] {manager.py:997} INFO - 
================================================================================
DAG File Processing Stats

File Path                                                                                                           PID    Runtime      # DAGs    # Errors  Last Runtime    Last Run               Last # of DB Queries
------------------------------------------------------------------------------------------------------------------  -----  ---------  --------  ----------  --------------  -------------------  ----------------------
/Users/superdayuanjingzhi/Documents/JDE-python/p_AnalyticsPlatform/etl/airflow/dags/ml_modeling_pipeline.py                                  1           0  2.10s           2024-11-11T06:57:29                      12
/Users/superdayuanjingzhi/Documents/JDE-python/p_AnalyticsPlatform/etl/airflow/dags/dashboard_pipeline.py                                    1           0  1.06s           2024-11-11T06:56:58                      12
/Users/superdayuanjingzhi/Documents/JDE-python/p_AnalyticsPlatform/etl/airflow/dags/analytics_data_etl_pipeline.py                           1           0  0.99s           2024-11-11T06:57:08                      12
/Users/superdayuanjingzhi/Documents/JDE-python/p_AnalyticsPlatform/etl/airflow/dags/etl_pipeline copy.py                                     0           0  0.99s           2024-11-11T06:57:00                       3
/Users/superdayuanjingzhi/Documents/JDE-python/p_AnalyticsPlatform/etl/airflow/dags/realtime_data_etl_pipeline.py                            1           0  0.99s           2024-11-11T06:57:20                      12
================================================================================
[2024-11-11T14:57:40.955+0800] {manager.py:821} INFO - Searching for files in /Users/superdayuanjingzhi/Documents/JDE-python/p_AnalyticsPlatform/etl/airflow/dags
[2024-11-11T14:57:40.963+0800] {manager.py:824} INFO - There are 5 files in /Users/superdayuanjingzhi/Documents/JDE-python/p_AnalyticsPlatform/etl/airflow/dags
[2024-11-11T14:58:03.341+0800] {manager.py:997} INFO - 
================================================================================
DAG File Processing Stats

File Path                                                                                                           PID    Runtime      # DAGs    # Errors  Last Runtime    Last Run               Last # of DB Queries
------------------------------------------------------------------------------------------------------------------  -----  ---------  --------  ----------  --------------  -------------------  ----------------------
/Users/superdayuanjingzhi/Documents/JDE-python/p_AnalyticsPlatform/etl/airflow/dags/ml_modeling_pipeline.py                                  1           0  3.18s           2024-11-11T06:58:03                      12
/Users/superdayuanjingzhi/Documents/JDE-python/p_AnalyticsPlatform/etl/airflow/dags/realtime_data_etl_pipeline.py                            1           0  1.08s           2024-11-11T06:57:52                      12
/Users/superdayuanjingzhi/Documents/JDE-python/p_AnalyticsPlatform/etl/airflow/dags/dashboard_pipeline.py                                    1           0  1.06s           2024-11-11T06:57:30                      12
/Users/superdayuanjingzhi/Documents/JDE-python/p_AnalyticsPlatform/etl/airflow/dags/analytics_data_etl_pipeline.py                           1           0  1.01s           2024-11-11T06:57:40                      12
/Users/superdayuanjingzhi/Documents/JDE-python/p_AnalyticsPlatform/etl/airflow/dags/etl_pipeline copy.py                                     0           0  0.99s           2024-11-11T06:57:32                       3
================================================================================
[2024-11-11T14:58:36.347+0800] {manager.py:997} INFO - 
================================================================================
DAG File Processing Stats

File Path                                                                                                           PID    Runtime      # DAGs    # Errors  Last Runtime    Last Run               Last # of DB Queries
------------------------------------------------------------------------------------------------------------------  -----  ---------  --------  ----------  --------------  -------------------  ----------------------
/Users/superdayuanjingzhi/Documents/JDE-python/p_AnalyticsPlatform/etl/airflow/dags/ml_modeling_pipeline.py                                  1           0  2.20s           2024-11-11T06:58:36                      12
/Users/superdayuanjingzhi/Documents/JDE-python/p_AnalyticsPlatform/etl/airflow/dags/dashboard_pipeline.py                                    1           0  1.05s           2024-11-11T06:58:10                      12
/Users/superdayuanjingzhi/Documents/JDE-python/p_AnalyticsPlatform/etl/airflow/dags/analytics_data_etl_pipeline.py                           1           0  1.02s           2024-11-11T06:58:24                      12
/Users/superdayuanjingzhi/Documents/JDE-python/p_AnalyticsPlatform/etl/airflow/dags/realtime_data_etl_pipeline.py                            1           0  1.00s           2024-11-11T06:58:26                      12
/Users/superdayuanjingzhi/Documents/JDE-python/p_AnalyticsPlatform/etl/airflow/dags/etl_pipeline copy.py                                     0           0  0.98s           2024-11-11T06:58:19                       3
================================================================================
[2024-11-11T14:59:11.050+0800] {manager.py:997} INFO - 
================================================================================
DAG File Processing Stats

File Path                                                                                                           PID    Runtime      # DAGs    # Errors  Last Runtime    Last Run               Last # of DB Queries
------------------------------------------------------------------------------------------------------------------  -----  ---------  --------  ----------  --------------  -------------------  ----------------------
/Users/superdayuanjingzhi/Documents/JDE-python/p_AnalyticsPlatform/etl/airflow/dags/ml_modeling_pipeline.py                                  1           0  2.07s           2024-11-11T06:59:11                      12
/Users/superdayuanjingzhi/Documents/JDE-python/p_AnalyticsPlatform/etl/airflow/dags/dashboard_pipeline.py                                    1           0  1.03s           2024-11-11T06:58:42                      12
/Users/superdayuanjingzhi/Documents/JDE-python/p_AnalyticsPlatform/etl/airflow/dags/realtime_data_etl_pipeline.py                            1           0  1.01s           2024-11-11T06:58:57                      12
/Users/superdayuanjingzhi/Documents/JDE-python/p_AnalyticsPlatform/etl/airflow/dags/analytics_data_etl_pipeline.py                           1           0  1.00s           2024-11-11T06:58:55                      12
/Users/superdayuanjingzhi/Documents/JDE-python/p_AnalyticsPlatform/etl/airflow/dags/etl_pipeline copy.py                                     0           0  0.99s           2024-11-11T06:58:50                       3
================================================================================
[2024-11-11T14:59:44.736+0800] {manager.py:997} INFO - 
================================================================================
DAG File Processing Stats

File Path                                                                                                           PID    Runtime      # DAGs    # Errors  Last Runtime    Last Run               Last # of DB Queries
------------------------------------------------------------------------------------------------------------------  -----  ---------  --------  ----------  --------------  -------------------  ----------------------
/Users/superdayuanjingzhi/Documents/JDE-python/p_AnalyticsPlatform/etl/airflow/dags/ml_modeling_pipeline.py                                  1           0  2.89s           2024-11-11T06:59:44                      12
/Users/superdayuanjingzhi/Documents/JDE-python/p_AnalyticsPlatform/etl/airflow/dags/realtime_data_etl_pipeline.py                            1           0  1.03s           2024-11-11T06:59:30                      12
/Users/superdayuanjingzhi/Documents/JDE-python/p_AnalyticsPlatform/etl/airflow/dags/etl_pipeline copy.py                                     0           0  0.99s           2024-11-11T06:59:23                       3
/Users/superdayuanjingzhi/Documents/JDE-python/p_AnalyticsPlatform/etl/airflow/dags/analytics_data_etl_pipeline.py                           1           0  0.99s           2024-11-11T06:59:28                      12
/Users/superdayuanjingzhi/Documents/JDE-python/p_AnalyticsPlatform/etl/airflow/dags/dashboard_pipeline.py                                    1           0  0.98s           2024-11-11T06:59:19                      12
================================================================================
[2024-11-11T15:00:18.430+0800] {manager.py:997} INFO - 
================================================================================
DAG File Processing Stats

File Path                                                                                                           PID    Runtime      # DAGs    # Errors  Last Runtime    Last Run               Last # of DB Queries
------------------------------------------------------------------------------------------------------------------  -----  ---------  --------  ----------  --------------  -------------------  ----------------------
/Users/superdayuanjingzhi/Documents/JDE-python/p_AnalyticsPlatform/etl/airflow/dags/ml_modeling_pipeline.py                                  1           0  2.08s           2024-11-11T07:00:18                      12
/Users/superdayuanjingzhi/Documents/JDE-python/p_AnalyticsPlatform/etl/airflow/dags/realtime_data_etl_pipeline.py                            1           0  1.08s           2024-11-11T07:00:02                      12
/Users/superdayuanjingzhi/Documents/JDE-python/p_AnalyticsPlatform/etl/airflow/dags/analytics_data_etl_pipeline.py                           1           0  1.05s           2024-11-11T07:00:00                      12
/Users/superdayuanjingzhi/Documents/JDE-python/p_AnalyticsPlatform/etl/airflow/dags/etl_pipeline copy.py                                     0           0  1.04s           2024-11-11T06:59:55                       3
/Users/superdayuanjingzhi/Documents/JDE-python/p_AnalyticsPlatform/etl/airflow/dags/dashboard_pipeline.py                                    1           0  1.03s           2024-11-11T06:59:50                      12
================================================================================
[2024-11-11T15:00:51.629+0800] {manager.py:997} INFO - 
================================================================================
DAG File Processing Stats

File Path                                                                                                           PID    Runtime      # DAGs    # Errors  Last Runtime    Last Run               Last # of DB Queries
------------------------------------------------------------------------------------------------------------------  -----  ---------  --------  ----------  --------------  -------------------  ----------------------
/Users/superdayuanjingzhi/Documents/JDE-python/p_AnalyticsPlatform/etl/airflow/dags/ml_modeling_pipeline.py                                  1           0  2.41s           2024-11-11T07:00:51                      12
/Users/superdayuanjingzhi/Documents/JDE-python/p_AnalyticsPlatform/etl/airflow/dags/analytics_data_etl_pipeline.py                           1           0  1.22s           2024-11-11T07:00:32                      12
/Users/superdayuanjingzhi/Documents/JDE-python/p_AnalyticsPlatform/etl/airflow/dags/dashboard_pipeline.py                                    1           0  1.07s           2024-11-11T07:00:23                      12
/Users/superdayuanjingzhi/Documents/JDE-python/p_AnalyticsPlatform/etl/airflow/dags/realtime_data_etl_pipeline.py                            1           0  1.07s           2024-11-11T07:00:34                      12
/Users/superdayuanjingzhi/Documents/JDE-python/p_AnalyticsPlatform/etl/airflow/dags/etl_pipeline copy.py                                     0           0  0.98s           2024-11-11T07:00:28                       3
================================================================================
[2024-11-11T15:01:06.842+0800] {manager.py:465} INFO - Exiting gracefully upon receiving signal 15
